#
# A fatal error has been detected by the Java Runtime Environment:
#
#  Internal Error (javaClasses.cpp:136), pid=6932, tid=5192
#  fatal error: Invalid layout of preloaded class
#
# JRE version:  (7.0_40-b43) (build )
# Java VM: Java HotSpot(TM) 64-Bit Server VM (24.0-b56 mixed mode windows-amd64 compressed oops)
# Failed to write core dump. Minidumps are not enabled by default on client versions of Windows
#
# If you would like to submit a bug report, please visit:
#   http://bugreport.sun.com/bugreport/crash.jsp
#

---------------  T H R E A D  ---------------

Current thread (0x00000000022de800):  JavaThread "Unknown thread" [_thread_in_vm, id=5192, stack(0x00000000025f0000,0x00000000026f0000)]

Stack: [0x00000000025f0000,0x00000000026f0000]

---------------  P R O C E S S  ---------------

Java Threads: ( => current thread )

Other Threads:

=>0x00000000022de800 (exited) JavaThread "Unknown thread" [_thread_in_vm, id=5192, stack(0x00000000025f0000,0x00000000026f0000)]

VM state:not at safepoint (not fully initialized)

VM Mutex/Monitor currently owned by a thread: None

GC Heap History (0 events):
No events

Deoptimization events (0 events):
No events

Internal exceptions (0 events):
No events

Events (10 events):
Event: 0.612 loading class 0x000000000215d610 done
Event: 0.637 loading class 0x000000000215d030 done
Event: 0.637 loading class 0x000000000215d010
Event: 0.637 loading class 0x0000000002165120
Event: 0.637 loading class 0x0000000002165120 done
Event: 0.637 loading class 0x0000000002165150
Event: 0.637 loading class 0x0000000002165150 done
Event: 0.637 loading class 0x0000000002165180
Event: 0.637 loading class 0x0000000002165180 done
Event: 0.638 loading class 0x000000000215d010 done


Dynamic libraries:
0x000000013f580000 - 0x000000013f5b3000 	C:\Program Files\Java\jdk1.7.0_40\bin\javaw.exe
0x00000000779a0000 - 0x0000000077b49000 	C:\Windows\SYSTEM32\ntdll.dll
0x0000000077880000 - 0x000000007799f000 	C:\Windows\system32\kernel32.dll
0x000007fefda60000 - 0x000007fefdacc000 	C:\Windows\system32\KERNELBASE.dll
0x000007feff4a0000 - 0x000007feff57b000 	C:\Windows\system32\ADVAPI32.dll
0x000007feff280000 - 0x000007feff31f000 	C:\Windows\system32\msvcrt.dll
0x000007fefdb90000 - 0x000007fefdbaf000 	C:\Windows\SYSTEM32\sechost.dll
0x000007fefed00000 - 0x000007fefee2d000 	C:\Windows\system32\RPCRT4.dll
0x0000000077780000 - 0x000000007787a000 	C:\Windows\system32\USER32.dll
0x000007fefeb20000 - 0x000007fefeb87000 	C:\Windows\system32\GDI32.dll
0x000007fefef00000 - 0x000007fefef0e000 	C:\Windows\system32\LPK.dll
0x000007feffbe0000 - 0x000007feffca9000 	C:\Windows\system32\USP10.dll
0x000007fefc170000 - 0x000007fefc364000 	C:\Windows\WinSxS\amd64_microsoft.windows.common-controls_6595b64144ccf1df_6.0.7601.17514_none_fa396087175ac9ac\COMCTL32.dll
0x000007fefef90000 - 0x000007feff001000 	C:\Windows\system32\SHLWAPI.dll
0x000007fefeed0000 - 0x000007fefeefe000 	C:\Windows\system32\IMM32.DLL
0x000007feff5e0000 - 0x000007feff6e9000 	C:\Windows\system32\MSCTF.dll
0x000000006d020000 - 0x000000006d0f1000 	C:\Program Files\Java\jdk1.7.0_40\jre\bin\msvcr100.dll
0x000000006c850000 - 0x000000006d019000 	C:\Program Files\Java\jdk1.7.0_40\jre\bin\server\jvm.dll
0x000007fefac80000 - 0x000007fefac89000 	C:\Windows\system32\WSOCK32.dll
0x000007feff020000 - 0x000007feff06d000 	C:\Windows\system32\WS2_32.dll
0x000007feff010000 - 0x000007feff018000 	C:\Windows\system32\NSI.dll
0x000007fefb780000 - 0x000007fefb7bb000 	C:\Windows\system32\WINMM.dll
0x0000000077b60000 - 0x0000000077b67000 	C:\Windows\system32\PSAPI.DLL
0x0000000070ab0000 - 0x0000000070abf000 	C:\Program Files\Java\jdk1.7.0_40\jre\bin\verify.dll
0x000000006c820000 - 0x000000006c848000 	C:\Program Files\Java\jdk1.7.0_40\jre\bin\java.dll
0x000000006c800000 - 0x000000006c815000 	C:\Program Files\Java\jdk1.7.0_40\jre\bin\zip.dll

VM Arguments:
jvm_args: -Dfile.encoding=Cp1252 -Xbootclasspath:D:\Program 3em\adt-bundle-windows-x86_64-20140702\sdk\platforms\android-20\android.jar 
java_command: TestsUnitaires.Test
Launcher Type: SUN_STANDARD

Environment Variables:
CLASSPATH=.;C:\Program Files (x86)\Java\jre6\lib\ext\QTJava.zip;C:\Program Files\Java\jdk1.7.0_40\lib;C:\Program Files (x86)\Belgium Identity Card
PATH=C:/Program Files/Java/jre1.8.0_25/bin/server;C:/Program Files/Java/jre1.8.0_25/bin;C:/Program Files/Java/jre1.8.0_25/lib/amd64;C:\ProgramData\Oracle\Java\javapath;C:\Program Files (x86)\EasyPHP-DevServer-14.1VC11\binaries\php\php_runningversion;C:\Program Files (x86)\EasyPHP-DevServer-13.1VC9\binaries\php\php_runningversion;C:\oraclexe\app\oracle\product\10.2.0\server\bin;C:\Program Files\Java\jdk1.7.0_40\bin;C:\Program Files\Common Files\Microsoft Shared\Windows Live;C:\Program Files (x86)\Common Files\Microsoft Shared\Windows Live;C:\Windows\system32;C:\Windows;C:\Windows\System32\Wbem;C:\Windows\System32\WindowsPowerShell\v1.0\;C:\Program Files (x86)\Windows Live\Shared;C:\Program Files (x86)\ATI Technologies\ATI.ACE\Core-Static;C:\Program Files (x86)\QuickTime\QTSystem\;C:\Program Files (x86)\Belgium Identity Card;C:\Program Files (x86)\Druide\Antidote 7\Programmes32;C:\Program Files (x86)\Druide\Antidote 7\Programmes64;C:\Program Files (x86)\EasyPHP-DevServer-14.1VC11\binaries\php\php_runningversion;C:\Program Files\PostgreSQL\9.3;C:\Program Files\PostgreSQL\9.0;C:\oraclexe\app\oracle\product\10.2.0\server\bin;C:\Program Files\Java\jdk1.7.0_40\bin;C:\Program Files\Common Files\Microsoft Shared\Windows Live;C:\Program Files (x86)\Common Files\Microsoft Shared\Windows Live;C:\Windows\system32;C:\Windows;C:\Windows\System32\Wbem;C:\Windows\System32\WindowsPowerShell\v1.0\;C:\Program Files (x86)\Windows Live\Shared;C:\Program Files (x86)\ATI Technologies\ATI.ACE\Core-Static;C:\Program Files (x86)\QuickTime\QTSystem\;C:\Program Files (x86)\Belgium Identity Card;C:\Program Files (x86)\Druide\Antidote 7\Programmes32;C:\Program Files (x86)\Druide\Antidote 7\Programmes64;D:\Program 3em\eclipse;
USERNAME=Robin2
OS=Windows_NT
PROCESSOR_IDENTIFIER=Intel64 Family 6 Model 37 Stepping 5, GenuineIntel



---------------  S Y S T E M  ---------------

OS: Windows 7 , 64 bit Build 7601 Service Pack 1

CPU:total 4 (2 cores per cpu, 2 threads per core) family 6 model 37 stepping 5, cmov, cx8, fxsr, mmx, sse, sse2, sse3, ssse3, sse4.1, sse4.2, popcnt, ht, tsc, tscinvbit

Memory: 4k page, physical 4049584k(956960k free), swap 8097304k(3491204k free)

vm_info: Java HotSpot(TM) 64-Bit Server VM (24.0-b56) for windows-amd64 JRE (1.7.0_40-b43), built on Aug 26 2013 22:38:32 by "java_re" with unknown MS VC++:1600

time: Wed Nov 12 14:18:15 2014
elapsed time: 0 seconds

